This is pdfTeX, Version 3.1415926-2.5-1.40.14 (TeX Live 2013/Debian) (format=pdflatex 2015.3.18)  28 SEP 2015 12:45
entering extended mode
 restricted \write18 enabled.
 %&-line parsing enabled.
**SD3.tex
(./SD3.tex
LaTeX2e <2011/06/27>
Babel <3.9h> and hyphenation patterns for 78 languages loaded.
(/usr/share/texlive/texmf-dist/tex/latex/base/article.cls
Document Class: article 2007/10/19 v1.4h Standard LaTeX document class
(/usr/share/texlive/texmf-dist/tex/latex/base/size10.clo
File: size10.clo 2007/10/19 v1.4h Standard LaTeX file (size option)
)
\c@part=\count79
\c@section=\count80
\c@subsection=\count81
\c@subsubsection=\count82
\c@paragraph=\count83
\c@subparagraph=\count84
\c@figure=\count85
\c@table=\count86
\abovecaptionskip=\skip41
\belowcaptionskip=\skip42
\bibindent=\dimen102
)
(/usr/share/texlive/texmf-dist/tex/latex/graphics/graphicx.sty
Package: graphicx 1999/02/16 v1.0f Enhanced LaTeX Graphics (DPC,SPQR)

(/usr/share/texlive/texmf-dist/tex/latex/graphics/keyval.sty
Package: keyval 1999/03/16 v1.13 key=value parser (DPC)
\KV@toks@=\toks14
)
(/usr/share/texlive/texmf-dist/tex/latex/graphics/graphics.sty
Package: graphics 2009/02/05 v1.0o Standard LaTeX Graphics (DPC,SPQR)

(/usr/share/texlive/texmf-dist/tex/latex/graphics/trig.sty
Package: trig 1999/03/16 v1.09 sin cos tan (DPC)
)
(/usr/share/texlive/texmf-dist/tex/latex/latexconfig/graphics.cfg
File: graphics.cfg 2010/04/23 v1.9 graphics configuration of TeX Live
)
Package graphics Info: Driver file: pdftex.def on input line 91.

(/usr/share/texlive/texmf-dist/tex/latex/pdftex-def/pdftex.def
File: pdftex.def 2011/05/27 v0.06d Graphics/color for pdfTeX

(/usr/share/texlive/texmf-dist/tex/generic/oberdiek/infwarerr.sty
Package: infwarerr 2010/04/08 v1.3 Providing info/warning/error messages (HO)
)
(/usr/share/texlive/texmf-dist/tex/generic/oberdiek/ltxcmds.sty
Package: ltxcmds 2011/11/09 v1.22 LaTeX kernel commands for general use (HO)
)
\Gread@gobject=\count87
))
\Gin@req@height=\dimen103
\Gin@req@width=\dimen104
)
(/usr/share/texlive/texmf-dist/tex/latex/graphics/color.sty
Package: color 2005/11/14 v1.0j Standard LaTeX Color (DPC)

(/usr/share/texlive/texmf-dist/tex/latex/latexconfig/color.cfg
File: color.cfg 2007/01/18 v1.5 color configuration of teTeX/TeXLive
)
Package color Info: Driver file: pdftex.def on input line 130.
) (./SD3.aux)
\openout1 = `SD3.aux'.

LaTeX Font Info:    Checking defaults for OML/cmm/m/it on input line 13.
LaTeX Font Info:    ... okay on input line 13.
LaTeX Font Info:    Checking defaults for T1/cmr/m/n on input line 13.
LaTeX Font Info:    ... okay on input line 13.
LaTeX Font Info:    Checking defaults for OT1/cmr/m/n on input line 13.
LaTeX Font Info:    ... okay on input line 13.
LaTeX Font Info:    Checking defaults for OMS/cmsy/m/n on input line 13.
LaTeX Font Info:    ... okay on input line 13.
LaTeX Font Info:    Checking defaults for OMX/cmex/m/n on input line 13.
LaTeX Font Info:    ... okay on input line 13.
LaTeX Font Info:    Checking defaults for U/cmr/m/n on input line 13.
LaTeX Font Info:    ... okay on input line 13.

(/usr/share/texlive/texmf-dist/tex/context/base/supp-pdf.mkii
[Loading MPS to PDF converter (version 2006.09.02).]
\scratchcounter=\count88
\scratchdimen=\dimen105
\scratchbox=\box26
\nofMPsegments=\count89
\nofMParguments=\count90
\everyMPshowfont=\toks15
\MPscratchCnt=\count91
\MPscratchDim=\dimen106
\MPnumerator=\count92
\makeMPintoPDFobject=\count93
\everyMPtoPDFconversion=\toks16
) (/usr/share/texlive/texmf-dist/tex/generic/oberdiek/pdftexcmds.sty
Package: pdftexcmds 2011/11/29 v0.20 Utility functions of pdfTeX for LuaTeX (HO
)

(/usr/share/texlive/texmf-dist/tex/generic/oberdiek/ifluatex.sty
Package: ifluatex 2010/03/01 v1.3 Provides the ifluatex switch (HO)
Package ifluatex Info: LuaTeX not detected.
)
(/usr/share/texlive/texmf-dist/tex/generic/oberdiek/ifpdf.sty
Package: ifpdf 2011/01/30 v2.3 Provides the ifpdf switch (HO)
Package ifpdf Info: pdfTeX in PDF mode is detected.
)
Package pdftexcmds Info: LuaTeX not detected.
Package pdftexcmds Info: \pdf@primitive is available.
Package pdftexcmds Info: \pdf@ifprimitive is available.
Package pdftexcmds Info: \pdfdraftmode found.
)
(/usr/share/texlive/texmf-dist/tex/latex/oberdiek/epstopdf-base.sty
Package: epstopdf-base 2010/02/09 v2.5 Base part for package epstopdf

(/usr/share/texlive/texmf-dist/tex/latex/oberdiek/grfext.sty
Package: grfext 2010/08/19 v1.1 Manage graphics extensions (HO)

(/usr/share/texlive/texmf-dist/tex/generic/oberdiek/kvdefinekeys.sty
Package: kvdefinekeys 2011/04/07 v1.3 Define keys (HO)
))
(/usr/share/texlive/texmf-dist/tex/latex/oberdiek/kvoptions.sty
Package: kvoptions 2011/06/30 v3.11 Key value format for package options (HO)

(/usr/share/texlive/texmf-dist/tex/generic/oberdiek/kvsetkeys.sty
Package: kvsetkeys 2012/04/25 v1.16 Key value parser (HO)

(/usr/share/texlive/texmf-dist/tex/generic/oberdiek/etexcmds.sty
Package: etexcmds 2011/02/16 v1.5 Avoid name clashes with e-TeX commands (HO)
Package etexcmds Info: Could not find \expanded.
(etexcmds)             That can mean that you are not using pdfTeX 1.50 or
(etexcmds)             that some package has redefined \expanded.
(etexcmds)             In the latter case, load this package earlier.
)))
Package grfext Info: Graphics extension search list:
(grfext)             [.png,.pdf,.jpg,.mps,.jpeg,.jbig2,.jb2,.PNG,.PDF,.JPG,.JPE
G,.JBIG2,.JB2,.eps]
(grfext)             \AppendGraphicsExtensions on input line 452.

(/usr/share/texlive/texmf-dist/tex/latex/latexconfig/epstopdf-sys.cfg
File: epstopdf-sys.cfg 2010/07/13 v1.3 Configuration of (r)epstopdf for TeX Liv
e
))
LaTeX Font Info:    Try loading font information for OMS+cmr on input line 21.

(/usr/share/texlive/texmf-dist/tex/latex/base/omscmr.fd
File: omscmr.fd 1999/05/25 v2.5h Standard LaTeX font definitions
)
LaTeX Font Info:    Font shape `OMS/cmr/m/n' in size <10> not available
(Font)              Font shape `OMS/cmsy/m/n' tried instead on input line 21.
 [1

{/var/lib/texmf/fonts/map/pdftex/updmap/pdftex.map}] [2]
Package epstopdf Info: Source file: <SD3_01.eps>
(epstopdf)                    date: 2015-09-28 12:43:55
(epstopdf)                    size: 85013 bytes
(epstopdf)             Output file: <SD3_01-eps-converted-to.pdf>
(epstopdf)                    date: 2015-09-28 12:44:59
(epstopdf)                    size: 14632 bytes
(epstopdf)             Command: <repstopdf --outfile=SD3_01-eps-converted-to.pd
f SD3_01.eps>
(epstopdf)             \includegraphics on input line 125.
Package epstopdf Info: Output file is already uptodate.

<SD3_01-eps-converted-to.pdf, id=13, 363.3575pt x 293.095pt>
File: SD3_01-eps-converted-to.pdf Graphic file (type pdf)

<use SD3_01-eps-converted-to.pdf>
Package pdftex.def Info: SD3_01-eps-converted-to.pdf used on input line 125.
(pdftex.def)             Requested size: 345.0pt x 278.29555pt.
 [3 <./SD3_01-eps-converted-to.pdf>]
Overfull \hbox (17.24684pt too wide) in paragraph at lines 167--167
[]         \OT1/cmtt/m/n/10 Pole              Damping       Frequency      Time
 Constant[] 
 []


Overfull \hbox (6.74693pt too wide) in paragraph at lines 167--167
[]                                       \OT1/cmtt/m/n/10 (rad/seconds)      (s
econds)[] 
 []


Overfull \hbox (6.74693pt too wide) in paragraph at lines 167--167
[] \OT1/cmtt/m/n/10 -2.09e-01                 1.00e+00       2.09e-01         4
.78e+00[] 
 []


Overfull \hbox (6.74693pt too wide) in paragraph at lines 167--167
[] \OT1/cmtt/m/n/10 -5.32e+00 + 5.31e+00i     7.07e-01       7.52e+00         1
.88e-01[] 
 []


Overfull \hbox (6.74693pt too wide) in paragraph at lines 167--167
[] \OT1/cmtt/m/n/10 -5.32e+00 - 5.31e+00i     7.07e-01       7.52e+00         1
.88e-01[] 
 []


Overfull \hbox (6.74693pt too wide) in paragraph at lines 167--167
[] \OT1/cmtt/m/n/10 -2.92e+01                 1.00e+00       2.92e+01         3
.43e-02[] 
 []

Package epstopdf Info: Source file: <SD3_02.eps>
(epstopdf)                    date: 2015-09-28 12:44:00
(epstopdf)                    size: 39714 bytes
(epstopdf)             Output file: <SD3_02-eps-converted-to.pdf>
(epstopdf)                    date: 2015-09-28 12:45:00
(epstopdf)                    size: 10109 bytes
(epstopdf)             Command: <repstopdf --outfile=SD3_02-eps-converted-to.pd
f SD3_02.eps>
(epstopdf)             \includegraphics on input line 169.
Package epstopdf Info: Output file is already uptodate.
<SD3_02-eps-converted-to.pdf, id=25, 366.36874pt x 295.1025pt>
File: SD3_02-eps-converted-to.pdf Graphic file (type pdf)

<use SD3_02-eps-converted-to.pdf>
Package pdftex.def Info: SD3_02-eps-converted-to.pdf used on input line 169.
(pdftex.def)             Requested size: 289.07999pt x 232.86273pt.
 [4 <./SD3_02-eps-converted-to.pdf>]
Package epstopdf Info: Source file: <SD3_03.eps>
(epstopdf)                    date: 2015-09-28 12:44:01
(epstopdf)                    size: 141719 bytes
(epstopdf)             Output file: <SD3_03-eps-converted-to.pdf>
(epstopdf)                    date: 2015-09-28 12:45:00
(epstopdf)                    size: 18072 bytes
(epstopdf)             Command: <repstopdf --outfile=SD3_03-eps-converted-to.pd
f SD3_03.eps>
(epstopdf)             \includegraphics on input line 179.
Package epstopdf Info: Output file is already uptodate.

<SD3_03-eps-converted-to.pdf, id=37, 363.3575pt x 293.095pt>
File: SD3_03-eps-converted-to.pdf Graphic file (type pdf)

<use SD3_03-eps-converted-to.pdf>
Package pdftex.def Info: SD3_03-eps-converted-to.pdf used on input line 179.
(pdftex.def)             Requested size: 289.07999pt x 233.1883pt.
 [5 <./SD3_03-eps-converted-to.pdf>]
(./SD3.aux) ) 
Here is how much of TeX's memory you used:
 1540 strings out of 493304
 22276 string characters out of 6139871
 82301 words of memory out of 5000000
 5006 multiletter control sequences out of 15000+600000
 4413 words of font info for 17 fonts, out of 8000000 for 9000
 957 hyphenation exceptions out of 8191
 38i,5n,23p,233b,247s stack positions out of 5000i,500n,10000p,200000b,80000s
</usr/share/texlive/texmf-dist/fonts/type1/public/amsfonts/cm/cmbx
12.pfb></usr/share/texlive/texmf-dist/fonts/type1/public/amsfonts/cm/cmr10.pfb>
</usr/share/texlive/texmf-dist/fonts/type1/public/amsfonts/cm/cmsy10.pfb></usr/
share/texlive/texmf-dist/fonts/type1/public/amsfonts/cm/cmtt10.pfb>
Output written on SD3.pdf (5 pages, 81361 bytes).
PDF statistics:
 63 PDF objects out of 1000 (max. 8388607)
 42 compressed objects within 1 object stream
 0 named destinations out of 1000 (max. 500000)
 16 words of extra memory for PDF output out of 10000 (max. 10000000)

