18:15:25 **** Incremental Build of configuration Release for project ard_I2C ****
make all 
Building target: ard_I2C
Printing size:
"/home/kristofer/Downloads/arduino-1.6.5-r5/hardware/tools/avr/bin/avr-size" -A "/home/kristofer/HR/non-git/Mechatronics/t-411-mech-2015/group/TiltIt/RUMBA_tests/com_test/ard_I2C/Release/ard_I2C.elf"
/home/kristofer/HR/non-git/Mechatronics/t-411-mech-2015/group/TiltIt/RUMBA_tests/com_test/ard_I2C/Release/ard_I2C.elf  :
section           size      addr
.data              162   8388864
.text             4566         0
.bss               364   8389026
.comment            17         0
.debug_aranges    1064         0
.debug_info      38280         0
.debug_abbrev     6788         0
.debug_line       7129         0
.debug_frame      2800         0
.debug_str        8556         0
.debug_loc       15139         0
.debug_ranges     1040         0
Total            85905


Finished building target: ard_I2C
 

18:15:25 Build Finished (took 72ms)

