13:43:17 **** Incremental Build of configuration Release for project arduino_I2C ****
make all 
Building file: ../.ino.cpp
Starting C++ compile
"/home/kristofer/Downloads/arduino-1.6.5-r5/hardware/tools/avr/bin/avr-g++" -c -g -Os -fno-exceptions -ffunction-sections -fdata-sections -fno-threadsafe-statics -MMD -mmcu=atmega328p -DF_CPU=16000000L -DARDUINO=10605 -DARDUINO_AVR_UNO -DARDUINO_ARCH_AVR     -I"/home/kristofer/Downloads/arduino-1.6.5-r5/hardware/arduino/avr/cores/arduino" -I"/home/kristofer/Downloads/arduino-1.6.5-r5/hardware/arduino/avr/variants/standard" -I"/home/kristofer/Downloads/arduino-1.6.5-r5/hardware/arduino/avr/libraries/Wire" -I"/home/kristofer/Downloads/arduino-1.6.5-r5/hardware/arduino/avr/libraries/Wire/utility" -MMD -MP -MF".ino.cpp.d" -MT".ino.cpp.o" -D__IN_ECLIPSE__=1 -x c++ "../.ino.cpp"  -o  ".ino.cpp.o"   -Wall
Finished building: ../.ino.cpp
 
Building file: ../arduino_I2C.ino
Starting C++ compile
"/home/kristofer/Downloads/arduino-1.6.5-r5/hardware/tools/avr/bin/avr-g++" -c -g -Os -fno-exceptions -ffunction-sections -fdata-sections -fno-threadsafe-statics -MMD -mmcu=atmega328p -DF_CPU=16000000L -DARDUINO=10605 -DARDUINO_AVR_UNO -DARDUINO_ARCH_AVR     -I"/home/kristofer/Downloads/arduino-1.6.5-r5/hardware/arduino/avr/cores/arduino" -I"/home/kristofer/Downloads/arduino-1.6.5-r5/hardware/arduino/avr/variants/standard" -I"/home/kristofer/Downloads/arduino-1.6.5-r5/hardware/arduino/avr/libraries/Wire" -I"/home/kristofer/Downloads/arduino-1.6.5-r5/hardware/arduino/avr/libraries/Wire/utility" -MMD -MP -MF"arduino/arduino_I2C.ino.d" -MT"arduino/arduino_I2C.ino.o" -D__IN_ECLIPSE__=1 -x c++ "../arduino_I2C.ino"  -o  "arduino/arduino_I2C.ino.o"   -Wall
Finished building: ../arduino_I2C.ino
 
Starting archiver
"/home/kristofer/Downloads/arduino-1.6.5-r5/hardware/tools/avr/bin/avr-ar" rcs  "/home/kristofer/HR/non-git/Mechatronics/t-411-mech-2015/group/TiltIt/RUMBA_tests/com_test/arduino_I2C/Release/arduino.ar"    ./arduino/arduino_I2C.ino.o  ./arduino/CDC.cpp.o ./arduino/HID.cpp.o ./arduino/HardwareSerial.cpp.o ./arduino/HardwareSerial0.cpp.o ./arduino/HardwareSerial1.cpp.o ./arduino/HardwareSerial2.cpp.o ./arduino/HardwareSerial3.cpp.o ./arduino/IPAddress.cpp.o ./arduino/Print.cpp.o ./arduino/Stream.cpp.o ./arduino/Tone.cpp.o ./arduino/USBCore.cpp.o ./arduino/WInterrupts.c.o ./arduino/WMath.cpp.o ./arduino/WString.cpp.o ./arduino/abi.cpp.o ./arduino/hooks.c.o ./arduino/main.cpp.o ./arduino/new.cpp.o ./arduino/wiring.c.o ./arduino/wiring_analog.c.o ./arduino/wiring_digital.c.o ./arduino/wiring_pulse.S.o ./arduino/wiring_pulse.c.o ./arduino/wiring_shift.c.o 
Finished building: arduino.ar
 
Starting combiner
"/home/kristofer/Downloads/arduino-1.6.5-r5/hardware/tools/avr/bin/avr-gcc" -Os -Wl,--gc-sections -mmcu=atmega328p  -o "/home/kristofer/HR/non-git/Mechatronics/t-411-mech-2015/group/TiltIt/RUMBA_tests/com_test/arduino_I2C/Release/arduino_I2C.elf"    ./.ino.cpp.o  ./Libraries/Wire/utility/twi.c.o  ./Libraries/Wire/Wire.cpp.o   arduino.ar   "/home/kristofer/HR/non-git/Mechatronics/t-411-mech-2015/group/TiltIt/RUMBA_tests/com_test/arduino_I2C/Release/arduino.ar" "-L/home/kristofer/HR/non-git/Mechatronics/t-411-mech-2015/group/TiltIt/RUMBA_tests/com_test/arduino_I2C/Release" -lm
Finished building: arduino_I2C.elf
 
Create eeprom image
"/home/kristofer/Downloads/arduino-1.6.5-r5/hardware/tools/avr/bin/avr-objcopy" -O ihex -j .eeprom --set-section-flags=.eeprom=alloc,load --no-change-warnings --change-section-lma .eeprom=0  "/home/kristofer/HR/non-git/Mechatronics/t-411-mech-2015/group/TiltIt/RUMBA_tests/com_test/arduino_I2C/Release/arduino_I2C.elf" "/home/kristofer/HR/non-git/Mechatronics/t-411-mech-2015/group/TiltIt/RUMBA_tests/com_test/arduino_I2C/Release/arduino_I2C.eep"
Finished building: arduino_I2C.eep
 
Create Flash image (ihex format)
"/home/kristofer/Downloads/arduino-1.6.5-r5/hardware/tools/avr/bin/avr-objcopy" -O ihex -R .eeprom  "/home/kristofer/HR/non-git/Mechatronics/t-411-mech-2015/group/TiltIt/RUMBA_tests/com_test/arduino_I2C/Release/arduino_I2C.elf" "/home/kristofer/HR/non-git/Mechatronics/t-411-mech-2015/group/TiltIt/RUMBA_tests/com_test/arduino_I2C/Release/arduino_I2C.hex"
Finished building: arduino_I2C.hex
 
Building target: arduino_I2C
Printing size:
"/home/kristofer/Downloads/arduino-1.6.5-r5/hardware/tools/avr/bin/avr-size" -A "/home/kristofer/HR/non-git/Mechatronics/t-411-mech-2015/group/TiltIt/RUMBA_tests/com_test/arduino_I2C/Release/arduino_I2C.elf"
/home/kristofer/HR/non-git/Mechatronics/t-411-mech-2015/group/TiltIt/RUMBA_tests/com_test/arduino_I2C/Release/arduino_I2C.elf  :
section           size      addr
.data               32   8388864
.text             3450         0
.bss               360   8388896
.comment            17         0
.debug_aranges    1016         0
.debug_info      36664         0
.debug_abbrev     6361         0
.debug_line       6679         0
.debug_frame      2692         0
.debug_str        8372         0
.debug_loc       14711         0
.debug_ranges      984         0
Total            81338


Finished building target: arduino_I2C
 

13:43:17 Build Finished (took 177ms)

