23:31:13 **** Incremental Build of configuration Release for project CycleLetters ****
make all 
Building file: ../.ino.cpp
Starting C++ compile
"/home/kristofer/Downloads/arduino-1.6.5-r5/hardware/tools/avr/bin/avr-g++" -c -g -Os -fno-exceptions -ffunction-sections -fdata-sections -fno-threadsafe-statics -MMD -mmcu=atmega328p -DF_CPU=16000000L -DARDUINO=10605 -DARDUINO_AVR_UNO -DARDUINO_ARCH_AVR     -I"/home/kristofer/Downloads/arduino-1.6.5-r5/hardware/arduino/avr/cores/arduino" -I"/home/kristofer/Downloads/arduino-1.6.5-r5/hardware/arduino/avr/variants/standard" -MMD -MP -MF".ino.cpp.d" -MT".ino.cpp.o" -D__IN_ECLIPSE__=1 -x c++ "../.ino.cpp"  -o  ".ino.cpp.o"   -Wall   -std=c++11
Finished building: ../.ino.cpp
 
Starting combiner
"/home/kristofer/Downloads/arduino-1.6.5-r5/hardware/tools/avr/bin/avr-gcc" -Os -Wl,--gc-sections -mmcu=atmega328p  -o "/home/kristofer/HR/non-git/Mechatronics/t-411-mech-2015/submit/lab3/freyja10-roberto12-kristofert13-stefanv13/CycleLetters/Release/CycleLetters.elf"    ./.ino.cpp.o ./Morse.cpp.o   arduino.ar   "/home/kristofer/HR/non-git/Mechatronics/t-411-mech-2015/submit/lab3/freyja10-roberto12-kristofert13-stefanv13/CycleLetters/Release/arduino.ar" "-L/home/kristofer/HR/non-git/Mechatronics/t-411-mech-2015/submit/lab3/freyja10-roberto12-kristofert13-stefanv13/CycleLetters/Release" -lm
Finished building: CycleLetters.elf
 
Create eeprom image
"/home/kristofer/Downloads/arduino-1.6.5-r5/hardware/tools/avr/bin/avr-objcopy" -O ihex -j .eeprom --set-section-flags=.eeprom=alloc,load --no-change-warnings --change-section-lma .eeprom=0  "/home/kristofer/HR/non-git/Mechatronics/t-411-mech-2015/submit/lab3/freyja10-roberto12-kristofert13-stefanv13/CycleLetters/Release/CycleLetters.elf" "/home/kristofer/HR/non-git/Mechatronics/t-411-mech-2015/submit/lab3/freyja10-roberto12-kristofert13-stefanv13/CycleLetters/Release/CycleLetters.eep"
Finished building: CycleLetters.eep
 
Create Flash image (ihex format)
"/home/kristofer/Downloads/arduino-1.6.5-r5/hardware/tools/avr/bin/avr-objcopy" -O ihex -R .eeprom  "/home/kristofer/HR/non-git/Mechatronics/t-411-mech-2015/submit/lab3/freyja10-roberto12-kristofert13-stefanv13/CycleLetters/Release/CycleLetters.elf" "/home/kristofer/HR/non-git/Mechatronics/t-411-mech-2015/submit/lab3/freyja10-roberto12-kristofert13-stefanv13/CycleLetters/Release/CycleLetters.hex"
Finished building: CycleLetters.hex
 
Building target: CycleLetters
Printing size:
"/home/kristofer/Downloads/arduino-1.6.5-r5/hardware/tools/avr/bin/avr-size" -A "/home/kristofer/HR/non-git/Mechatronics/t-411-mech-2015/submit/lab3/freyja10-roberto12-kristofert13-stefanv13/CycleLetters/Release/CycleLetters.elf"
/home/kristofer/HR/non-git/Mechatronics/t-411-mech-2015/submit/lab3/freyja10-roberto12-kristofert13-stefanv13/CycleLetters/Release/CycleLetters.elf  :
section            size      addr
.data               258   8388864
.text              4852         0
.bss                517   8389122
.comment             17         0
.debug_aranges     1488         0
.debug_info       58467         0
.debug_abbrev      7023         0
.debug_line        8134         0
.debug_frame       4952         0
.debug_str         8218         0
.debug_loc        29924         0
.debug_ranges      1584         0
Total            125434


Finished building target: CycleLetters
 

23:31:14 Build Finished (took 172ms)

