00:00:01 **** Incremental Build of configuration Release for project lab03 ****
make all 
Building file: ../.ino.cpp
Starting C++ compile
"/home/kristofer/Downloads/arduino-1.6.5-r5/hardware/tools/avr/bin/avr-g++" -c -g -Os -fno-exceptions -ffunction-sections -fdata-sections -fno-threadsafe-statics -MMD -mmcu=atmega328p -DF_CPU=16000000L -DARDUINO=10605 -DARDUINO_AVR_UNO -DARDUINO_ARCH_AVR     -I"/home/kristofer/Downloads/arduino-1.6.5-r5/hardware/arduino/avr/cores/arduino" -I"/home/kristofer/Downloads/arduino-1.6.5-r5/hardware/arduino/avr/variants/standard" -I"/home/kristofer/Downloads/arduino-1.6.5-r5/libraries/LiquidCrystal" -I"/home/kristofer/Downloads/arduino-1.6.5-r5/libraries/LiquidCrystal/src" -MMD -MP -MF".ino.cpp.d" -MT".ino.cpp.o" -D__IN_ECLIPSE__=1 -x c++ "../.ino.cpp"  -o  ".ino.cpp.o"   -Wall   -std=c++11
Finished building: ../.ino.cpp
 
Building file: ../Morse.cpp
Starting C++ compile
"/home/kristofer/Downloads/arduino-1.6.5-r5/hardware/tools/avr/bin/avr-g++" -c -g -Os -fno-exceptions -ffunction-sections -fdata-sections -fno-threadsafe-statics -MMD -mmcu=atmega328p -DF_CPU=16000000L -DARDUINO=10605 -DARDUINO_AVR_UNO -DARDUINO_ARCH_AVR     -I"/home/kristofer/Downloads/arduino-1.6.5-r5/hardware/arduino/avr/cores/arduino" -I"/home/kristofer/Downloads/arduino-1.6.5-r5/hardware/arduino/avr/variants/standard" -I"/home/kristofer/Downloads/arduino-1.6.5-r5/libraries/LiquidCrystal" -I"/home/kristofer/Downloads/arduino-1.6.5-r5/libraries/LiquidCrystal/src" -MMD -MP -MF"Morse.cpp.d" -MT"Morse.cpp.o" -D__IN_ECLIPSE__=1 -x c++ "../Morse.cpp"  -o  "Morse.cpp.o"   -Wall   -std=c++11
Finished building: ../Morse.cpp
 
Starting combiner
"/home/kristofer/Downloads/arduino-1.6.5-r5/hardware/tools/avr/bin/avr-gcc" -Os -Wl,--gc-sections -mmcu=atmega328p  -o "/home/kristofer/HR/non-git/Mechatronics/t-411-mech-2015/submit/lab3/freyja10-roberto12-kristofert13-stefanv13/lab03/Release/lab03.elf"    ./.ino.cpp.o ./Button.cpp.o ./Morse.cpp.o ./MorseElements.cpp.o  ./Libraries/LiquidCrystal/src/LiquidCrystal.cpp.o   arduino.ar   "/home/kristofer/HR/non-git/Mechatronics/t-411-mech-2015/submit/lab3/freyja10-roberto12-kristofert13-stefanv13/lab03/Release/arduino.ar" "-L/home/kristofer/HR/non-git/Mechatronics/t-411-mech-2015/submit/lab3/freyja10-roberto12-kristofert13-stefanv13/lab03/Release" -lm
Finished building: lab03.elf
 
Create eeprom image
"/home/kristofer/Downloads/arduino-1.6.5-r5/hardware/tools/avr/bin/avr-objcopy" -O ihex -j .eeprom --set-section-flags=.eeprom=alloc,load --no-change-warnings --change-section-lma .eeprom=0  "/home/kristofer/HR/non-git/Mechatronics/t-411-mech-2015/submit/lab3/freyja10-roberto12-kristofert13-stefanv13/lab03/Release/lab03.elf" "/home/kristofer/HR/non-git/Mechatronics/t-411-mech-2015/submit/lab3/freyja10-roberto12-kristofert13-stefanv13/lab03/Release/lab03.eep"
Finished building: lab03.eep
 
Create Flash image (ihex format)
"/home/kristofer/Downloads/arduino-1.6.5-r5/hardware/tools/avr/bin/avr-objcopy" -O ihex -R .eeprom  "/home/kristofer/HR/non-git/Mechatronics/t-411-mech-2015/submit/lab3/freyja10-roberto12-kristofert13-stefanv13/lab03/Release/lab03.elf" "/home/kristofer/HR/non-git/Mechatronics/t-411-mech-2015/submit/lab3/freyja10-roberto12-kristofert13-stefanv13/lab03/Release/lab03.hex"
Finished building: lab03.hex
 
Building target: lab03
Printing size:
"/home/kristofer/Downloads/arduino-1.6.5-r5/hardware/tools/avr/bin/avr-size" -A "/home/kristofer/HR/non-git/Mechatronics/t-411-mech-2015/submit/lab3/freyja10-roberto12-kristofert13-stefanv13/lab03/Release/lab03.elf"
/home/kristofer/HR/non-git/Mechatronics/t-411-mech-2015/submit/lab3/freyja10-roberto12-kristofert13-stefanv13/lab03/Release/lab03.elf  :
section            size      addr
.data               630   8388864
.text              9152         0
.bss                624   8389494
.comment             17         0
.debug_aranges     2056         0
.debug_info       73755         0
.debug_abbrev      9353         0
.debug_line       11279         0
.debug_frame       6680         0
.debug_str        11471         0
.debug_loc        38693         0
.debug_ranges      2224         0
Total            165934


Finished building target: lab03
 

00:00:01 Build Finished (took 219ms)

